<?xml version="1.0" encoding="UTF-8"?>
<testng-results ignored="0" total="1" passed="1" failed="0" skipped="0">
  <reporter-output>
    <line>
      <![CDATA[About to begin executing Suite :- Amazon-Mobile]]>
    </line>
    <line>
      <![CDATA[About to begin executing method :- AmazonMobileTestEngine.beforeSuite]]>
    </line>
    <line>
      <![CDATA[Completed executing method  :- AmazonMobileTestEngine.beforeSuite]]>
    </line>
    <line>
      <![CDATA[About to begin executing Test :- Amazon Tracking-Mobile: Smoke tests]]>
    </line>
    <line>
      <![CDATA[About to begin executing method :- AmazonMobileTestEngine.beforeTest]]>
    </line>
    <line>
      <![CDATA[Completed executing method  :- AmazonMobileTestEngine.beforeTest]]>
    </line>
    <line>
      <![CDATA[About to begin executing method :- AmazonAppTests.login]]>
    </line>
    <line>
      <![CDATA[Completed executing method  :- AmazonAppTests.login]]>
    </line>
    <line>
      <![CDATA[About to begin executing method :- AmazonMobileTestEngine.beforeMethod]]>
    </line>
    <line>
      <![CDATA[Completed executing method  :- AmazonMobileTestEngine.beforeMethod]]>
    </line>
    <line>
      <![CDATA[About to begin Test :- TC01AddToCartAndVerify]]>
    </line>
    <line>
      <![CDATA[About to begin executing method :- AmazonAppTests.TC01AddToCartAndVerify]]>
    </line>
    <line>
      <![CDATA[Completed executing method  :- AmazonAppTests.TC01AddToCartAndVerify]]>
    </line>
    <line>
      <![CDATA[Test case : TC01AddToCartAndVerify passed]]>
    </line>
    <line>
      <![CDATA[About to begin executing method :- AmazonMobileTestEngine.flushReport]]>
    </line>
    <line>
      <![CDATA[Completed executing method  :- AmazonMobileTestEngine.flushReport]]>
    </line>
    <line>
      <![CDATA[About to begin executing method :- AmazonMobileTestEngine.afterClass]]>
    </line>
    <line>
      <![CDATA[Completed executing method  :- AmazonMobileTestEngine.afterClass]]>
    </line>
    <line>
      <![CDATA[About to begin executing method :- AmazonMobileTestEngine.afterTest]]>
    </line>
    <line>
      <![CDATA[Completed executing method  :- AmazonMobileTestEngine.afterTest]]>
    </line>
    <line>
      <![CDATA[Completed executing test :- Amazon Tracking-Mobile: Smoke tests]]>
    </line>
    <line>
      <![CDATA[About to begin executing method :- AmazonMobileTestEngine.afterSuite]]>
    </line>
    <line>
      <![CDATA[Completed executing method  :- AmazonMobileTestEngine.afterSuite]]>
    </line>
  </reporter-output>
  <suite started-at="2020-06-28T19:42:45Z" name="Amazon-Mobile" finished-at="2020-06-28T19:49:56Z" duration-ms="430417">
    <groups>
    </groups>
    <test started-at="2020-06-28T19:42:45Z" name="Amazon Tracking-Mobile: Smoke tests" finished-at="2020-06-28T19:49:56Z" duration-ms="430417">
      <class name="amazon.mobile.AppTest.AmazonAppTests">
        <test-method is-config="true" signature="beforeSuite(java.lang.String, java.lang.String, java.lang.String, java.lang.String, java.lang.String)[pri:0, instance:amazon.mobile.AppTest.AmazonAppTests@712625fd]" started-at="2020-06-28T19:42:45Z" name="beforeSuite" finished-at="2020-06-28T19:42:45Z" duration-ms="546" status="PASS">
          <params>
            <param index="0">
              <value>
                <![CDATA[1.14.2]]>
              </value>
            </param>
            <param index="1">
              <value>
                <![CDATA[http://0.0.0.0:4723]]>
              </value>
            </param>
            <param index="2">
              <value>
                <![CDATA[Amazon-Android]]>
              </value>
            </param>
            <param index="3">
              <value>
                <![CDATA[QA-Environment]]>
              </value>
            </param>
            <param index="4">
              <value>
                <![CDATA[RZ8M840NG3F]]>
              </value>
            </param>
          </params>
          <reporter-output>
            <line>
              <![CDATA[Completed executing method  :- AmazonMobileTestEngine.beforeSuite]]>
            </line>
          </reporter-output>
        </test-method> <!-- beforeSuite -->
        <test-method is-config="true" signature="beforeTest(org.testng.ITestContext, java.lang.String)[pri:0, instance:amazon.mobile.AppTest.AmazonAppTests@712625fd]" started-at="2020-06-28T19:42:45Z" name="beforeTest" finished-at="2020-06-28T19:42:53Z" duration-ms="7344" status="PASS">
          <params>
            <param index="0">
              <value>
                <![CDATA[org.testng.TestRunner@1457fde]]>
              </value>
            </param>
            <param index="1">
              <value>
                <![CDATA[]]>
              </value>
            </param>
          </params>
          <reporter-output>
            <line>
              <![CDATA[Completed executing method  :- AmazonMobileTestEngine.beforeTest]]>
            </line>
          </reporter-output>
        </test-method> <!-- beforeTest -->
        <test-method is-config="true" signature="login()[pri:0, instance:amazon.mobile.AppTest.AmazonAppTests@712625fd]" started-at="2020-06-28T19:42:53Z" name="login" finished-at="2020-06-28T19:43:00Z" duration-ms="7056" status="PASS">
          <reporter-output>
            <line>
              <![CDATA[Completed executing method  :- AmazonAppTests.login]]>
            </line>
          </reporter-output>
        </test-method> <!-- login -->
        <test-method is-config="true" signature="beforeMethod(java.lang.String, org.testng.ITestContext)[pri:0, instance:amazon.mobile.AppTest.AmazonAppTests@712625fd]" started-at="2020-06-28T19:43:01Z" name="beforeMethod" finished-at="2020-06-28T19:43:01Z" duration-ms="7" status="PASS">
          <params>
            <param index="0">
              <value>
                <![CDATA[Add Product to cart and Verify on Check out screen]]>
              </value>
            </param>
            <param index="1">
              <value>
                <![CDATA[org.testng.TestRunner@1457fde]]>
              </value>
            </param>
          </params>
          <reporter-output>
            <line>
              <![CDATA[Completed executing method  :- AmazonMobileTestEngine.beforeMethod]]>
            </line>
          </reporter-output>
        </test-method> <!-- beforeMethod -->
        <test-method signature="TC01AddToCartAndVerify(java.util.HashMap, org.testng.ITestContext)[pri:0, instance:amazon.mobile.AppTest.AmazonAppTests@712625fd]" started-at="2020-06-28T19:43:01Z" name="TC01AddToCartAndVerify" data-provider="AmazonAppTestData" finished-at="2020-06-28T19:49:51Z" duration-ms="409325" status="PASS">
          <params>
            <param index="0">
              <value>
                <![CDATA[{ProductName=Samsung 163 cm (65 Inches) Wondertainment Series Ultra HD LED Smart TV UA65TUE60AKXXL (Titan Gray) (2020 model), TVSize=65-inch TV}]]>
              </value>
            </param>
            <param index="1">
              <value>
                <![CDATA[org.testng.TestRunner@1457fde]]>
              </value>
            </param>
          </params>
          <reporter-output>
            <line>
              <![CDATA[About to begin Test :- TC01AddToCartAndVerify]]>
            </line>
            <line>
              <![CDATA[About to begin executing method :- AmazonAppTests.TC01AddToCartAndVerify]]>
            </line>
            <line>
              <![CDATA[Completed executing method  :- AmazonAppTests.TC01AddToCartAndVerify]]>
            </line>
            <line>
              <![CDATA[Test case : TC01AddToCartAndVerify passed]]>
            </line>
            <line>
              <![CDATA[About to begin executing method :- AmazonMobileTestEngine.flushReport]]>
            </line>
          </reporter-output>
        </test-method> <!-- TC01AddToCartAndVerify -->
        <test-method is-config="true" signature="flushReport()[pri:0, instance:amazon.mobile.AppTest.AmazonAppTests@712625fd]" started-at="2020-06-28T19:49:51Z" name="flushReport" finished-at="2020-06-28T19:49:53Z" duration-ms="1957" status="PASS">
          <reporter-output>
            <line>
              <![CDATA[Completed executing method  :- AmazonMobileTestEngine.flushReport]]>
            </line>
          </reporter-output>
        </test-method> <!-- flushReport -->
        <test-method is-config="true" signature="afterClass()[pri:0, instance:amazon.mobile.AppTest.AmazonAppTests@712625fd]" started-at="2020-06-28T19:49:53Z" name="afterClass" finished-at="2020-06-28T19:49:55Z" duration-ms="2032" status="PASS">
          <reporter-output>
            <line>
              <![CDATA[Completed executing method  :- AmazonMobileTestEngine.afterClass]]>
            </line>
          </reporter-output>
        </test-method> <!-- afterClass -->
        <test-method is-config="true" signature="afterTest()[pri:0, instance:amazon.mobile.AppTest.AmazonAppTests@712625fd]" started-at="2020-06-28T19:49:55Z" name="afterTest" finished-at="2020-06-28T19:49:56Z" duration-ms="1080" status="PASS">
          <reporter-output>
            <line>
              <![CDATA[Completed executing method  :- AmazonMobileTestEngine.afterTest]]>
            </line>
          </reporter-output>
        </test-method> <!-- afterTest -->
        <test-method is-config="true" signature="afterSuite()[pri:0, instance:amazon.mobile.AppTest.AmazonAppTests@712625fd]" started-at="2020-06-28T19:49:56Z" name="afterSuite" finished-at="2020-06-28T19:49:56Z" duration-ms="551" status="PASS">
          <reporter-output>
            <line>
              <![CDATA[Completed executing method  :- AmazonMobileTestEngine.afterSuite]]>
            </line>
          </reporter-output>
        </test-method> <!-- afterSuite -->
      </class> <!-- amazon.mobile.AppTest.AmazonAppTests -->
    </test> <!-- Amazon Tracking-Mobile: Smoke tests -->
  </suite> <!-- Amazon-Mobile -->
</testng-results>
